
> yuzu.shot@1.0.0 dev
> vite --host localhost

Port 5173 is in use, trying another one...

  [32m[1mVITE[22m v6.4.3[39m  [2mready in [0m[1m459[22m[2m[0m ms[22m

  [32m➜[39m  [1mLocal[22m:   [36mhttp://localhost:[1m5174[22m/[39m
[2m[32m  ➜[39m[22m[2m  press [22m[1mh + enter[22m[2m to show help[22m
[2m11:06:35 AM[22m [36m[1m[vite][22m[39m [90m[2m(client)[22m[39m [32mhmr update [39m[2m/src/components/Layout/CanvasArea.tsx[22m
[2m11:06:50 AM[22m [36m[1m[vite][22m[39m [90m[2m(client)[22m[39m [32mhmr update [39m[2m/src/components/Layout/CanvasArea.tsx[22m
[2m11:07:10 AM[22m [36m[1m[vite][22m[39m [90m[2m(client)[22m[39m [32mhmr update [39m[2m/src/components/Layout/LeftSidebar.tsx[22m
[2m11:07:19 AM[22m [36m[1m[vite][22m[39m [90m[2m(client)[22m[39m [32mpage reload [39m[2mindex.html[22m
[2m11:07:43 AM[22m [36m[1m[vite][22m[39m [90m[2m(client)[22m[39m [32mhmr update [39m[2m/src/components/Layout/CanvasArea.tsx[22m
[2m11:08:26 AM[22m [36m[1m[vite][22m[39m [90m[2m(client)[22m[39m [32m✨ new dependencies optimized: [33mjszip, three, three/examples/jsm/loaders/GLTFLoader.js[32m[39m
[2m11:08:26 AM[22m [36m[1m[vite][22m[39m [90m[2m(client)[22m[39m [32m✨ optimized dependencies changed. reloading[39m
[2m11:12:40 AM[22m [36m[1m[vite][22m[39m [90m[2m(client)[22m[39m [32mhmr update [39m[2m/src/components/UI/FontPicker.tsx[22m
[2m11:13:45 AM[22m [36m[1m[vite][22m[39m [90m[2m(client)[22m[39m [32mhmr update [39m[2m/src/components/UI/FontPicker.tsx[22m
[2m11:16:36 AM[22m [36m[1m[vite][22m[39m [90m[2m(client)[22m[39m [32mhmr update [39m[2m/src/styles.css[22m
[2m11:17:02 AM[22m [36m[1m[vite][22m[39m [90m[2m(client)[22m[39m [32mhmr update [39m[2m/src/styles.css[22m
[2m11:20:06 AM[22m [36m[1m[vite][22m[39m [90m[2m(client)[22m[39m [32mhmr update [39m[2m/src/components/Layout/RightSidebar.tsx[22m
[2m11:20:06 AM[22m [36m[1m[vite][22m[39m [90m[2m(client)[22m[39m [32mhmr update [39m[2m/src/components/Layout/LeftSidebar.tsx[22m
[2m11:24:48 AM[22m [36m[1m[vite][22m[39m [90m[2m(client)[22m[39m [32mpage reload [39m[2msrc/main.tsx[22m
[2m11:25:04 AM[22m [36m[1m[vite][22m[39m [90m[2m(client)[22m[39m [32mhmr update [39m[2m/src/App.tsx[22m
[2m11:25:17 AM[22m [36m[1m[vite][22m[39m [90m[2m(client)[22m[39m [32mhmr update [39m[2m/src/components/Layout/CanvasArea.tsx, /src/components/Layout/LeftSidebar.tsx, /src/components/Controls/BackgroundPanel.tsx[22m
[2m11:25:43 AM[22m [36m[1m[vite][22m[39m [90m[2m(client)[22m[39m [32mhmr update [39m[2m/src/components/Layout/CanvasArea.tsx, /src/components/Layout/LeftSidebar.tsx, /src/components/Controls/BackgroundPanel.tsx[22m
[2m11:26:11 AM[22m [36m[1m[vite][22m[39m [90m[2m(client)[22m[39m [32mhmr update [39m[2m/src/components/Layout/CanvasArea.tsx, /src/components/Layout/LeftSidebar.tsx, /src/components/Controls/BackgroundPanel.tsx[22m
[2m11:26:30 AM[22m [36m[1m[vite][22m[39m [90m[2m(client)[22m[39m [32mhmr update [39m[2m/src/components/Layout/CanvasArea.tsx, /src/components/Layout/LeftSidebar.tsx[22m
[2m11:27:30 AM[22m [36m[1m[vite][22m[39m [90m[2m(client)[22m[39m [32mhmr update [39m[2m/src/components/Layout/CanvasArea.tsx[22m
[2m11:27:53 AM[22m [36m[1m[vite][22m[39m [90m[2m(client)[22m[39m [32mhmr update [39m[2m/src/App.tsx, /src/components/Layout/CanvasArea.tsx, /src/components/Layout/RightSidebar.tsx, /src/components/Layout/LeftSidebar.tsx, /src/components/Controls/DevicePanel.tsx, /src/components/Controls/BackgroundPanel.tsx, /src/components/Controls/PopoutsPanel.tsx, /src/components/Controls/ElementsPanel.tsx, /src/components/Controls/TextPanel.tsx, /src/components/Modals/Modals.tsx, /src/components/Modals/AllModals.tsx[22m
[2m11:28:20 AM[22m [36m[1m[vite][22m[39m [90m[2m(client)[22m[39m [32mhmr update [39m[2m/src/App.tsx, /src/components/Layout/CanvasArea.tsx, /src/components/Layout/RightSidebar.tsx, /src/components/Layout/LeftSidebar.tsx, /src/components/Controls/DevicePanel.tsx, /src/components/Controls/BackgroundPanel.tsx, /src/components/Controls/PopoutsPanel.tsx, /src/components/Controls/ElementsPanel.tsx, /src/components/Controls/TextPanel.tsx, /src/components/Modals/Modals.tsx, /src/components/Modals/AllModals.tsx[22m
[2m11:28:53 AM[22m [36m[1m[vite][22m[39m [90m[2m(client)[22m[39m [32mhmr update [39m[2m/src/components/Controls/BackgroundPanel.tsx[22m
[2m11:29:05 AM[22m [36m[1m[vite][22m[39m [90m[2m(client)[22m[39m [32mhmr update [39m[2m/src/components/Controls/DevicePanel.tsx[22m
[2m11:29:23 AM[22m [36m[1m[vite][22m[39m [90m[2m(client)[22m[39m [32mhmr update [39m[2m/src/components/Controls/ElementsPanel.tsx[22m
[2m11:29:40 AM[22m [36m[1m[vite][22m[39m [90m[2m(client)[22m[39m [32mhmr update [39m[2m/src/components/Controls/PopoutsPanel.tsx[22m
[2m11:29:53 AM[22m [36m[1m[vite][22m[39m [90m[2m(client)[22m[39m [32mhmr update [39m[2m/src/components/Controls/TextPanel.tsx[22m
[2m11:30:15 AM[22m [36m[1m[vite][22m[39m [90m[2m(client)[22m[39m [32mhmr update [39m[2m/src/components/UI/FontPicker.tsx[22m
[2m11:30:23 AM[22m [36m[1m[vite][22m[39m [90m[2m(client)[22m[39m [32mhmr update [39m[2m/src/components/UI/FontPicker.tsx[22m
[2m11:34:24 AM[22m [36m[1m[vite][22m[39m [90m[2m(client)[22m[39m [32mhmr update [39m[2m/src/components/Layout/AppLayout.tsx[22m
[2m11:34:26 AM[22m [36m[1m[vite][22m[39m [90m[2m(client)[22m[39m [32mhmr update [39m[2m/src/components/Layout/RightSidebar.tsx[22m
[2m11:34:28 AM[22m [36m[1m[vite][22m[39m [90m[2m(client)[22m[39m [32mhmr update [39m[2m/src/components/Layout/CanvasArea.tsx[22m
[2m11:34:30 AM[22m [36m[1m[vite][22m[39m [90m[2m(client)[22m[39m [32mhmr update [39m[2m/src/components/Layout/LeftSidebar.tsx[22m
[2m11:34:32 AM[22m [36m[1m[vite][22m[39m [90m[2m(client)[22m[39m [32mhmr update [39m[2m/src/components/Modals/Modals.tsx[22m
[2m11:34:34 AM[22m [36m[1m[vite][22m[39m [90m[2m(client)[22m[39m [32mhmr update [39m[2m/src/components/Modals/AllModals.tsx[22m
[2m11:34:36 AM[22m [36m[1m[vite][22m[39m [90m[2m(client)[22m[39m [32mhmr update [39m[2m/src/styles.css[22m
[2m11:34:38 AM[22m [36m[1m[vite][22m[39m [32mvite.config.ts changed, restarting server...[39m
[2m11:34:38 AM[22m [36m[1m[vite][22m[39m server restarted.
[2m1:03:46 PM[22m [36m[1m[vite][22m[39m [90m[2m(client)[22m[39m [32mpage reload [39m[2mlegacy_index_reference.html[22m
[2m1:03:46 PM[22m [36m[1m[vite][22m[39m [90m[2m(client)[22m[39m [32mpage reload [39m[2mlegacy_index_reference.html[22m
[2m1:03:46 PM[22m [36m[1m[vite][22m[39m [90m[2m(client)[22m[39m [32mpage reload [39m[2mlegacy_index_reference.html[22m
[2m1:03:46 PM[22m [36m[1m[vite][22m[39m [90m[2m(client)[22m[39m [32mpage reload [39m[2mlegacy_index_reference.html[22m
[2m1:19:17 PM[22m [36m[1m[vite][22m[39m [90m[2m(client)[22m[39m [32mpage reload [39m[2mlegacy_index_reference.html[22m
